
> @finoerp/app@ build C:\Users\krunalbhadesiya\Desktop\finoerp\app
> vite build

[36mvite v8.0.16 [32mbuilding client environment for production...[36m[39m
[32m✔[39m [1m[32m[paraglide-js] [39m[22mCompilation complete (message-modules)
[2Ktransforming...
[@tanstack/devtools-vite] Removed devtools code from: /src/routes/__root.tsx

✓ 2609 modules transformed.
rendering chunks...
computing gzip size...
.output/public/assets/styles-Bk2jt_sR.css         92.84 kB │ gzip:  15.30 kB
.output/public/assets/plus-DVlD7af3.js             0.14 kB │ gzip:   0.14 kB
.output/public/assets/clock-ECwfVg2C.js            0.15 kB │ gzip:   0.15 kB
.output/public/assets/trending-up-CJrRNIB6.js      0.16 kB │ gzip:   0.16 kB
.output/public/assets/trending-down-C6MjE2I0.js    0.16 kB │ gzip:   0.16 kB
.output/public/assets/ellipsis-CcdUZ5nc.js         0.21 kB │ gzip:   0.15 kB
.output/public/assets/circle-alert-G37n7BCX.js     0.24 kB │ gzip:   0.17 kB
.output/public/assets/label-CR0oV6V0.js            0.67 kB │ gzip:   0.43 kB
.output/public/assets/dist-ggmYPlSO.js             1.30 kB │ gzip:   0.65 kB
.output/public/assets/badge-B4TZbB8J.js            1.73 kB │ gzip:   0.86 kB
.output/public/assets/table-CameUb1h.js            2.04 kB │ gzip:   0.71 kB
.output/public/assets/settings-BjC9eqx8.js         2.11 kB │ gzip:   0.97 kB
.output/public/assets/dialog-CdyxC9nN.js           2.34 kB │ gzip:   0.89 kB
.output/public/assets/alert-dialog-BJH6NPsK.js     5.03 kB │ gzip:   1.66 kB
.output/public/assets/login-we21ad8F.js            7.35 kB │ gzip:   2.50 kB
.output/public/assets/tabs-DdW2LhiL.js             8.38 kB │ gzip:   3.03 kB
.output/public/assets/finance-D9z-c_od.js          9.15 kB │ gzip:   2.54 kB
.output/public/assets/billing-CWwVEK9Y.js         12.57 kB │ gzip:   3.55 kB
.output/public/assets/projects-BfNSbv6a.js        12.67 kB │ gzip:   3.48 kB
.output/public/assets/approvals-BH8brutf.js       12.73 kB │ gzip:   3.22 kB
.output/public/assets/documents-BogCa0gx.js       13.12 kB │ gzip:   3.89 kB
.output/public/assets/equipment-CtrBZuCK.js       14.05 kB │ gzip:   3.96 kB
.output/public/assets/contractors-CK0_Ynzq.js     15.55 kB │ gzip:   3.91 kB
.output/public/assets/hr-BYas7n5n.js              16.48 kB │ gzip:   3.88 kB
.output/public/assets/procurement-6UkDPtbK.js     18.76 kB │ gzip:   3.89 kB
.output/public/assets/materials-DB9t_5EW.js       18.85 kB │ gzip:   4.74 kB
.output/public/assets/select-C2DJl94I.js          22.33 kB │ gzip:   7.47 kB
.output/public/assets/routes-Bf2q8PMp.js          28.25 kB │ gzip:   8.15 kB
.output/public/assets/button-B1pfCFs-.js          45.16 kB │ gzip:  15.06 kB
.output/public/assets/data-table-kGe4omc3.js      53.20 kB │ gzip:  14.18 kB
.output/public/assets/chart-BxnY9uSC.js          340.63 kB │ gzip: 101.46 kB
.output/public/assets/index-fYHhv8TK.js          649.96 kB │ gzip: 208.89 kB

[32m✓ built in 4.16s[39m
[33m[plugin builtin:vite-reporter] 
(!) Some chunks are larger than 500 kB after minification. Consider:
- Using dynamic import() to code-split the application
- Use build.rolldownOptions.output.codeSplitting to improve chunking: https://rolldown.rs/reference/OutputOptions.codeSplitting
- Adjust chunk size limit for this warning via build.chunkSizeWarningLimit.[39m
[36mvite v8.0.16 [32mbuilding ssr environment for production...[36m[39m
[36mℹ[39m [1m[34m[paraglide-js] [39m[22mCompilation skipped — inputs unchanged (message-modules)
[2Ktransforming...
[@tanstack/devtools-vite] Removed devtools code from: /src/routes/__root.tsx

✓ 161 modules transformed.
rendering chunks...
computing gzip size...
node_modules/.nitro/vite/services/ssr/assets/styles-Bk2jt_sR.css                      92.84 kB │ gzip: 15.30 kB
node_modules/.nitro/vite/services/ssr/assets/start-afD5VWMS.js                         0.29 kB │ gzip:  0.21 kB
node_modules/.nitro/vite/services/ssr/assets/empty-plugin-adapters-D0BTPL1S.js         0.31 kB │ gzip:  0.20 kB
node_modules/.nitro/vite/services/ssr/assets/label-D7eFDJ0a.js                         0.58 kB │ gzip:  0.37 kB
node_modules/.nitro/vite/services/ssr/assets/separator-B1ZdA9Js.js                     0.63 kB │ gzip:  0.35 kB
node_modules/.nitro/vite/services/ssr/assets/progress-BYnHI5QG.js                      0.68 kB │ gzip:  0.41 kB
node_modules/.nitro/vite/services/ssr/assets/avatar-Dr6bISLG.js                        0.88 kB │ gzip:  0.45 kB
node_modules/.nitro/vite/services/ssr/assets/input-C6AA6E2p.js                         0.97 kB │ gzip:  0.54 kB
node_modules/.nitro/vite/services/ssr/assets/badge-DXGGrWmG.js                         1.60 kB │ gzip:  0.75 kB
node_modules/.nitro/vite/services/ssr/assets/button-CNycfJ3U.js                        2.29 kB │ gzip:  0.94 kB
node_modules/.nitro/vite/services/ssr/assets/settings-CT4nreD9.js                      2.45 kB │ gzip:  0.99 kB
node_modules/.nitro/vite/services/ssr/assets/table-CuK_C4dr.js                         2.87 kB │ gzip:  0.87 kB
node_modules/.nitro/vite/services/ssr/assets/dialog-XjGSX3ik.js                        3.30 kB │ gzip:  1.04 kB
node_modules/.nitro/vite/services/ssr/assets/tabs-CqIrvTf0.js                          3.37 kB │ gzip:  1.05 kB
node_modules/.nitro/vite/services/ssr/assets/auth-BY6Cx61l.js                          3.75 kB │ gzip:  1.34 kB
node_modules/.nitro/vite/services/ssr/assets/alert-dialog-drV7KCK1.js                  3.93 kB │ gzip:  1.01 kB
node_modules/.nitro/vite/services/ssr/assets/select-CgYNkvWB.js                        4.80 kB │ gzip:  1.47 kB
node_modules/.nitro/vite/services/ssr/assets/data-table-ByrZX0Dr.js                    4.90 kB │ gzip:  1.57 kB
node_modules/.nitro/vite/services/ssr/assets/_tanstack-start-manifest_v-CP7Exok1.js    5.84 kB │ gzip:  0.95 kB
node_modules/.nitro/vite/services/ssr/assets/chart-DOBLBLth.js                         6.33 kB │ gzip:  2.19 kB
node_modules/.nitro/vite/services/ssr/assets/login-Blib1Map.js                        10.14 kB │ gzip:  2.70 kB
node_modules/.nitro/vite/services/ssr/assets/finance-BySb2r_e.js                      14.62 kB │ gzip:  3.25 kB
node_modules/.nitro/vite/services/ssr/assets/routes-BBsdqMl-.js                       18.23 kB │ gzip:  3.74 kB
node_modules/.nitro/vite/services/ssr/assets/approvals-CFb_Rc_C.js                    19.13 kB │ gzip:  3.92 kB
node_modules/.nitro/vite/services/ssr/assets/billing-6cMF-pSp.js                      20.02 kB │ gzip:  4.45 kB
node_modules/.nitro/vite/services/ssr/assets/projects-tR6EVizO.js                     20.03 kB │ gzip:  4.38 kB
node_modules/.nitro/vite/services/ssr/assets/documents-BRUIXCt5.js                    20.51 kB │ gzip:  4.80 kB
node_modules/.nitro/vite/services/ssr/assets/equipment-CDiyG7xc.js                    20.94 kB │ gzip:  4.54 kB
node_modules/.nitro/vite/services/ssr/assets/contractors-VR13mEvE.js                  24.42 kB │ gzip:  4.78 kB
node_modules/.nitro/vite/services/ssr/assets/hr-CSRB85Sm.js                           27.20 kB │ gzip:  4.98 kB
node_modules/.nitro/vite/services/ssr/assets/materials-amSI1mnf.js                    30.12 kB │ gzip:  5.77 kB
node_modules/.nitro/vite/services/ssr/assets/procurement-CY-U--h_.js                  31.52 kB │ gzip:  5.07 kB
node_modules/.nitro/vite/services/ssr/assets/router-DyABkg6N.js                       60.88 kB │ gzip: 15.27 kB
node_modules/.nitro/vite/services/ssr/index.js                                       170.93 kB │ gzip: 42.47 kB

[32m✓ built in 1.91s[39m

[90m[[90mnitro[90m][39m [35m◐[39m Building [[35mNitro[39m] [2m(preset: [36mnode-server[39m, compatibility: [36m2026-06-21[39m)[22m
[90m[[90mnitro[90m][39m [32m✔[39m Generated public [36m.output/public[39m
[36mvite v8.0.16 [32mbuilding nitro environment for production...[36m[39m
[36mℹ[39m [1m[34m[paraglide-js] [39m[22mCompilation skipped — inputs unchanged (message-modules)
[2Ktransforming...✓ 2839 modules transformed.
[36mℹ[39m Tracing dependencies:
- [36mtslib[39m (2.8.1)
[32m✔[39m Traced 1 dependencies (4 files) in 63ms.
[36mℹ[39m Ensure your production environment matches the builder OS and architecture ([36mwin32-x64[39m) to avoid native module issues.
rendering chunks...
computing gzip size...
.output/server/_ssr/start-afD5VWMS.mjs                             0.14 kB │ gzip:   0.13 kB
.output/server/_libs/radix-ui__number.mjs                          0.21 kB │ gzip:   0.17 kB
.output/server/_ssr/empty-plugin-adapters-D0BTPL1S.mjs             0.23 kB │ gzip:   0.16 kB
.output/server/_libs/radix-ui__primitive.mjs                       0.42 kB │ gzip:   0.23 kB
.output/server/_libs/radix-ui__react-direction.mjs                 0.68 kB │ gzip:   0.36 kB
.output/server/_ssr/label-D7eFDJ0a.mjs                             0.80 kB │ gzip:   0.42 kB
.output/server/_ssr/separator-B1ZdA9Js.mjs                         0.84 kB │ gzip:   0.41 kB
.output/server/_libs/tanstack__react-query.mjs                     0.85 kB │ gzip:   0.42 kB
.output/server/_ssr/progress-BYnHI5QG.mjs                          0.92 kB │ gzip:   0.47 kB
.output/server/_libs/radix-ui__react-label.mjs                     1.02 kB │ gzip:   0.54 kB
.output/server/_libs/radix-ui__react-arrow.mjs                     1.08 kB │ gzip:   0.56 kB
.output/server/_ssr/avatar-Dr6bISLG.mjs                            1.14 kB │ gzip:   0.51 kB
.output/server/_ssr/input-C6AA6E2p.mjs                             1.17 kB │ gzip:   0.59 kB
.output/server/_chunks/ssr-renderer.mjs                            1.25 kB │ gzip:   0.60 kB
.output/server/_libs/radix-ui__react-separator.mjs                 1.41 kB │ gzip:   0.65 kB
.output/server/_runtime.mjs                                        1.79 kB │ gzip:   0.81 kB
.output/server/_ssr/badge-DXGGrWmG.mjs                             1.79 kB │ gzip:   0.80 kB
.output/server/_libs/react-is.mjs                                  1.89 kB │ gzip:   0.80 kB
.output/server/_libs/ufo.mjs                                       2.21 kB │ gzip:   0.72 kB
.output/server/_ssr/button-CNycfJ3U.mjs                            2.44 kB │ gzip:   0.99 kB
.output/server/_ssr/settings-CT4nreD9.mjs                          2.97 kB │ gzip:   1.08 kB
.output/server/_libs/class-variance-authority+clsx.mjs             3.25 kB │ gzip:   1.27 kB
.output/server/_ssr/table-CuK_C4dr.mjs                             3.25 kB │ gzip:   0.92 kB
.output/server/_libs/d3-path.mjs                                   3.27 kB │ gzip:   1.18 kB
.output/server/_libs/radix-ui__react-collection.mjs                3.35 kB │ gzip:   1.09 kB
.output/server/_ssr/tabs-CqIrvTf0.mjs                              3.71 kB │ gzip:   1.13 kB
.output/server/_libs/radix-ui__react-progress.mjs                  3.73 kB │ gzip:   1.32 kB
.output/server/_ssr/dialog-XjGSX3ik.mjs                            3.92 kB │ gzip:   1.12 kB
.output/server/_ssr/auth-BY6Cx61l.mjs                              4.11 kB │ gzip:   1.47 kB
.output/server/_ssr/alert-dialog-drV7KCK1.mjs                      4.41 kB │ gzip:   1.10 kB
.output/server/_libs/@tanstack/react-router-ssr-query+[...].mjs    4.70 kB │ gzip:   1.46 kB
.output/server/_libs/radix-ui__react-avatar.mjs                    5.19 kB │ gzip:   1.62 kB
.output/server/_libs/d3-interpolate.mjs                            5.53 kB │ gzip:   1.63 kB
.output/server/_ssr/select-CgYNkvWB.mjs                            5.70 kB │ gzip:   1.60 kB
.output/server/_libs/radix-ui__react-tabs.mjs                      5.82 kB │ gzip:   1.74 kB
.output/server/_ssr/data-table-ByrZX0Dr.mjs                        5.88 kB │ gzip:   1.75 kB
.output/server/_tanstack-start-manifest_v-CP7Exok1.mjs             5.89 kB │ gzip:   0.99 kB
.output/server/_libs/react-redux+[...].mjs                         6.67 kB │ gzip:   2.09 kB
.output/server/_ssr/chart-DOBLBLth.mjs                             7.06 kB │ gzip:   2.31 kB
.output/server/_libs/eventemitter3.mjs                             8.32 kB │ gzip:   2.04 kB
.output/server/_libs/d3-array.mjs                                  8.49 kB │ gzip:   2.27 kB
.output/server/_libs/radix-ui__react-roving-focus.mjs              8.58 kB │ gzip:   2.51 kB
.output/server/_libs/d3-color.mjs                                 10.42 kB │ gzip:   3.59 kB
.output/server/_libs/tanstack__history.mjs                        10.71 kB │ gzip:   3.13 kB
.output/server/_libs/d3-format.mjs                                11.15 kB │ gzip:   3.05 kB
.output/server/_libs/@radix-ui/react-popper+[...].mjs             11.56 kB │ gzip:   3.44 kB
.output/server/_ssr/login-Blib1Map.mjs                            11.97 kB │ gzip:   2.87 kB
.output/server/_ssr/finance-BySb2r_e.mjs                          17.22 kB │ gzip:   3.43 kB
.output/server/_libs/immer.mjs                                    17.85 kB │ gzip:   5.13 kB
.output/server/_libs/radix-ui__react-tooltip.mjs                  18.45 kB │ gzip:   4.26 kB
.output/server/index.mjs                                          19.37 kB │ gzip:   5.70 kB
.output/server/_ssr/routes-BBsdqMl-.mjs                           21.30 kB │ gzip:   3.89 kB
.output/server/_ssr/approvals-CFb_Rc_C.mjs                        22.09 kB │ gzip:   4.08 kB
.output/server/_ssr/billing-6cMF-pSp.mjs                          22.95 kB │ gzip:   4.62 kB
.output/server/_libs/decimal.js-light.mjs                         23.29 kB │ gzip:   6.90 kB
.output/server/_ssr/projects-tR6EVizO.mjs                         23.67 kB │ gzip:   4.57 kB
.output/server/_ssr/documents-BRUIXCt5.mjs                        24.04 kB │ gzip:   4.98 kB
.output/server/_ssr/equipment-CDiyG7xc.mjs                        24.24 kB │ gzip:   4.71 kB
.output/server/_libs/d3-shape.mjs                                 25.83 kB │ gzip:   5.05 kB
.output/server/_libs/@floating-ui/dom+[...].mjs                   25.95 kB │ gzip:   6.60 kB
.output/server/_libs/@floating-ui/core+[...].mjs                  25.99 kB │ gzip:   6.39 kB
.output/server/_ssr/contractors-VR13mEvE.mjs                      28.22 kB │ gzip:   4.97 kB
.output/server/_libs/lucide-react.mjs                             30.48 kB │ gzip:   5.85 kB
.output/server/_libs/@floating-ui/react-dom+[...].mjs             31.43 kB │ gzip:   8.00 kB
.output/server/_ssr/hr-CSRB85Sm.mjs                               32.19 kB │ gzip:   5.19 kB
.output/server/_ssr/materials-amSI1mnf.mjs                        35.46 kB │ gzip:   5.99 kB
.output/server/_ssr/procurement-CY-U--h_.mjs                      37.28 kB │ gzip:   5.29 kB
.output/server/_libs/h3+rou3+srvx.mjs                             40.98 kB │ gzip:  11.12 kB
.output/server/_libs/@radix-ui/react-select+[...].mjs             45.56 kB │ gzip:   9.72 kB
.output/server/_libs/tanstack__query-core.mjs                     53.53 kB │ gzip:  11.67 kB
.output/server/_libs/d3-scale+[...].mjs                           59.57 kB │ gzip:  12.19 kB
.output/server/_libs/@reduxjs/toolkit+[...].mjs                   62.48 kB │ gzip:  16.10 kB
.output/server/_libs/es-toolkit.mjs                               62.96 kB │ gzip:  13.84 kB
.output/server/_ssr/router-DyABkg6N.mjs                           65.03 kB │ gzip:  15.45 kB
.output/server/_libs/@radix-ui/react-alert-dialog+[...].mjs       85.83 kB │ gzip:  19.62 kB
.output/server/_libs/tailwind-merge.mjs                           88.17 kB │ gzip:  15.68 kB
.output/server/_libs/@tanstack/react-table+[...].mjs             110.93 kB │ gzip:  21.43 kB
.output/server/_ssr/ssr.mjs                                      163.95 kB │ gzip:  41.55 kB
.output/server/_libs/posthog-js+posthog__react.mjs               275.88 kB │ gzip:  79.93 kB
.output/server/_libs/recharts+[...].mjs                          582.63 kB │ gzip: 116.55 kB
.output/server/_libs/@tanstack/react-router+[...].mjs            666.11 kB │ gzip: 138.48 kB
.output/server/_libs/@modelcontextprotocol/sdk+[...].mjs         993.32 kB │ gzip: 188.49 kB

[32m✓ built in 1.35s[39m
[36mℹ[39m Generated [36m.output/nitro.json[39m

[90m[[90mnitro[90m][39m [32m✔[39m You can preview this build using [36mnpx vite preview[39m
